<?xml version="1.0" encoding="UTF-8"?>
<testng-results ignored="0" total="0" passed="0" failed="0" skipped="0">
  <reporter-output>
  </reporter-output>
  <suite started-at="2019-09-17T09:40:08 AEST" name="com.CucumberTestRunner.TestRunner" finished-at="2019-09-17T09:40:09 AEST" duration-ms="7">
    <groups>
    </groups>
    <test started-at="2019-09-17T09:40:08 AEST" name="Command line test" finished-at="2019-09-17T09:40:09 AEST" duration-ms="7">
    </test> <!-- Command line test -->
  </suite> <!-- com.CucumberTestRunner.TestRunner -->
</testng-results>
